<?xml version="1.0" encoding="UTF-8"?>
<testsuite xmlns:xsi="http://www.w3.org/2001/XMLSchema-instance" xsi:noNamespaceSchemaLocation="https://maven.apache.org/surefire/maven-surefire-plugin/xsd/surefire-test-report-3.0.xsd" version="3.0" name="dao.OrderDetailDAOTest" time="0.078" tests="4" errors="0" skipped="0" failures="0">
  <properties>
[...]
</properties>
  <testcase name="testFindAll" classname="dao.OrderDetailDAOTest" time="0.059">
    <system-out><![CDATA[Hibernate: 
    select
        od1_0.OrderDetailID,
        od1_0.OrderID,
        od1_0.ProductID,
        od1_0.Quantity,
        od1_0.UnitPrice 
    from
        OrderDetails od1_0
Hibernate: 
    select
        o1_0.OrderID,
        c1_0.CouponID,
        c1_0.Active,
        c1_0.Code,
        c1_0.DiscountPercent,
        c1_0.EndDate,
        c1_0.MaxDiscountAmount,
        c1_0.MinOrderAmount,
        c1_0.StartDate,
        c1_0.UsageLimit,
        c2_0.CustomerID,
        a1_0.AccountID,
        a1_0.Active,
        a1_0.CreatedAt,
        a1_0.Password,
        a1_0.Role,
        a1_0.Username,
        c2_0.Address,
        c2_0.Email,
        c2_0.FullName,
        c2_0.Phone,
        o1_0.DiscountAmount,
        o1_0.Note,
        o1_0.OrderCode,
        o1_0.OrderDate,
        o1_0.ReceiverName,
        o1_0.ReceiverPhone,
        o1_0.ShippingAddress,
        s1_0.StaffID,
        a2_0.AccountID,
        a2_0.Active,
        a2_0.CreatedAt,
        a2_0.Password,
        a2_0.Role,
        a2_0.Username,
        s1_0.Email,
        s1_0.FullName,
        s1_0.Phone,
        s1_0.Position,
        o1_0.Status,
        o1_0.SubTotal,
        o1_0.TotalAmount 
    from
        Orders o1_0 
    left join
        Coupons c1_0 
            on c1_0.CouponID=o1_0.CouponID 
    left join
        Customers c2_0 
            on c2_0.CustomerID=o1_0.CustomerID 
    left join
        Accounts a1_0 
            on a1_0.AccountID=c2_0.AccountID 
    left join
        Staffs s1_0 
            on s1_0.StaffID=o1_0.StaffID 
    left join
        Accounts a2_0 
            on a2_0.AccountID=s1_0.AccountID 
    where
        o1_0.OrderID=?
Hibernate: 
    select
        s1_0.StaffID,
        a1_0.AccountID,
        a1_0.Active,
        a1_0.CreatedAt,
        c1_0.CustomerID,
        c1_0.Address,
        c1_0.Email,
        c1_0.FullName,
        c1_0.Phone,
        a1_0.Password,
        a1_0.Role,
        a1_0.Username,
        s1_0.Email,
        s1_0.FullName,
        s1_0.Phone,
        s1_0.Position 
    from
        Staffs s1_0 
    left join
        Accounts a1_0 
            on a1_0.AccountID=s1_0.AccountID 
    left join
        Customers c1_0 
            on a1_0.AccountID=c1_0.AccountID 
    where
        s1_0.AccountID=?
Hibernate: 
    select
        p1_0.ProductID,
        c1_0.CategoryID,
        c1_0.CategoryCode,
        c1_0.CategoryName,
        c1_0.Description,
        p1_0.Description,
        p1_0.MainImage,
        p1_0.Price,
        p1_0.ProductCode,
        p1_0.ProductName,
        p1_0.StockQuantity,
        i1_0.ProductID,
        i1_0.ImageID,
        i1_0.ImageURL 
    from
        Products p1_0 
    left join
        Categories c1_0 
            on c1_0.CategoryID=p1_0.CategoryID 
    left join
        ProductImages i1_0 
            on p1_0.ProductID=i1_0.ProductID 
    where
        p1_0.ProductID=?
Hibernate: 
    select
        o1_0.OrderID,
        c1_0.CouponID,
        c1_0.Active,
        c1_0.Code,
        c1_0.DiscountPercent,
        c1_0.EndDate,
        c1_0.MaxDiscountAmount,
        c1_0.MinOrderAmount,
        c1_0.StartDate,
        c1_0.UsageLimit,
        c2_0.CustomerID,
        a1_0.AccountID,
        a1_0.Active,
        a1_0.CreatedAt,
        a1_0.Password,
        a1_0.Role,
        a1_0.Username,
        c2_0.Address,
        c2_0.Email,
        c2_0.FullName,
        c2_0.Phone,
        o1_0.DiscountAmount,
        o1_0.Note,
        o1_0.OrderCode,
        o1_0.OrderDate,
        o1_0.ReceiverName,
        o1_0.ReceiverPhone,
        o1_0.ShippingAddress,
        s1_0.StaffID,
        a2_0.AccountID,
        a2_0.Active,
        a2_0.CreatedAt,
        a2_0.Password,
        a2_0.Role,
        a2_0.Username,
        s1_0.Email,
        s1_0.FullName,
        s1_0.Phone,
        s1_0.Position,
        o1_0.Status,
        o1_0.SubTotal,
        o1_0.TotalAmount 
    from
        Orders o1_0 
    left join
        Coupons c1_0 
            on c1_0.CouponID=o1_0.CouponID 
    left join
        Customers c2_0 
            on c2_0.CustomerID=o1_0.CustomerID 
    left join
        Accounts a1_0 
            on a1_0.AccountID=c2_0.AccountID 
    left join
        Staffs s1_0 
            on s1_0.StaffID=o1_0.StaffID 
    left join
        Accounts a2_0 
            on a2_0.AccountID=s1_0.AccountID 
    where
        o1_0.OrderID=?
Hibernate: 
    select
        o1_0.OrderID,
        c1_0.CouponID,
        c1_0.Active,
        c1_0.Code,
        c1_0.DiscountPercent,
        c1_0.EndDate,
        c1_0.MaxDiscountAmount,
        c1_0.MinOrderAmount,
        c1_0.StartDate,
        c1_0.UsageLimit,
        c2_0.CustomerID,
        a1_0.AccountID,
        a1_0.Active,
        a1_0.CreatedAt,
        a1_0.Password,
        a1_0.Role,
        a1_0.Username,
        c2_0.Address,
        c2_0.Email,
        c2_0.FullName,
        c2_0.Phone,
        o1_0.DiscountAmount,
        o1_0.Note,
        o1_0.OrderCode,
        o1_0.OrderDate,
        o1_0.ReceiverName,
        o1_0.ReceiverPhone,
        o1_0.ShippingAddress,
        s1_0.StaffID,
        a2_0.AccountID,
        a2_0.Active,
        a2_0.CreatedAt,
        a2_0.Password,
        a2_0.Role,
        a2_0.Username,
        s1_0.Email,
        s1_0.FullName,
        s1_0.Phone,
        s1_0.Position,
        o1_0.Status,
        o1_0.SubTotal,
        o1_0.TotalAmount 
    from
        Orders o1_0 
    left join
        Coupons c1_0 
            on c1_0.CouponID=o1_0.CouponID 
    left join
        Customers c2_0 
            on c2_0.CustomerID=o1_0.CustomerID 
    left join
        Accounts a1_0 
            on a1_0.AccountID=c2_0.AccountID 
    left join
        Staffs s1_0 
            on s1_0.StaffID=o1_0.StaffID 
    left join
        Accounts a2_0 
            on a2_0.AccountID=s1_0.AccountID 
    where
        o1_0.OrderID=?
Hibernate: 
    select
        p1_0.ProductID,
        c1_0.CategoryID,
        c1_0.CategoryCode,
        c1_0.CategoryName,
        c1_0.Description,
        p1_0.Description,
        p1_0.MainImage,
        p1_0.Price,
        p1_0.ProductCode,
        p1_0.ProductName,
        p1_0.StockQuantity,
        i1_0.ProductID,
        i1_0.ImageID,
        i1_0.ImageURL 
    from
        Products p1_0 
    left join
        Categories c1_0 
            on c1_0.CategoryID=p1_0.CategoryID 
    left join
        ProductImages i1_0 
            on p1_0.ProductID=i1_0.ProductID 
    where
        p1_0.ProductID=?
Hibernate: 
    select
        o1_0.OrderID,
        c1_0.CouponID,
        c1_0.Active,
        c1_0.Code,
        c1_0.DiscountPercent,
        c1_0.EndDate,
        c1_0.MaxDiscountAmount,
        c1_0.MinOrderAmount,
        c1_0.StartDate,
        c1_0.UsageLimit,
        c2_0.CustomerID,
        a1_0.AccountID,
        a1_0.Active,
        a1_0.CreatedAt,
        a1_0.Password,
        a1_0.Role,
        a1_0.Username,
        c2_0.Address,
        c2_0.Email,
        c2_0.FullName,
        c2_0.Phone,
        o1_0.DiscountAmount,
        o1_0.Note,
        o1_0.OrderCode,
        o1_0.OrderDate,
        o1_0.ReceiverName,
        o1_0.ReceiverPhone,
        o1_0.ShippingAddress,
        s1_0.StaffID,
        a2_0.AccountID,
        a2_0.Active,
        a2_0.CreatedAt,
        a2_0.Password,
        a2_0.Role,
        a2_0.Username,
        s1_0.Email,
        s1_0.FullName,
        s1_0.Phone,
        s1_0.Position,
        o1_0.Status,
        o1_0.SubTotal,
        o1_0.TotalAmount 
    from
        Orders o1_0 
    left join
        Coupons c1_0 
            on c1_0.CouponID=o1_0.CouponID 
    left join
        Customers c2_0 
            on c2_0.CustomerID=o1_0.CustomerID 
    left join
        Accounts a1_0 
            on a1_0.AccountID=c2_0.AccountID 
    left join
        Staffs s1_0 
            on s1_0.StaffID=o1_0.StaffID 
    left join
        Accounts a2_0 
            on a2_0.AccountID=s1_0.AccountID 
    where
        o1_0.OrderID=?
Hibernate: 
    select
        o1_0.OrderID,
        c1_0.CouponID,
        c1_0.Active,
        c1_0.Code,
        c1_0.DiscountPercent,
        c1_0.EndDate,
        c1_0.MaxDiscountAmount,
        c1_0.MinOrderAmount,
        c1_0.StartDate,
        c1_0.UsageLimit,
        c2_0.CustomerID,
        a1_0.AccountID,
        a1_0.Active,
        a1_0.CreatedAt,
        a1_0.Password,
        a1_0.Role,
        a1_0.Username,
        c2_0.Address,
        c2_0.Email,
        c2_0.FullName,
        c2_0.Phone,
        o1_0.DiscountAmount,
        o1_0.Note,
        o1_0.OrderCode,
        o1_0.OrderDate,
        o1_0.ReceiverName,
        o1_0.ReceiverPhone,
        o1_0.ShippingAddress,
        s1_0.StaffID,
        a2_0.AccountID,
        a2_0.Active,
        a2_0.CreatedAt,
        a2_0.Password,
        a2_0.Role,
        a2_0.Username,
        s1_0.Email,
        s1_0.FullName,
        s1_0.Phone,
        s1_0.Position,
        o1_0.Status,
        o1_0.SubTotal,
        o1_0.TotalAmount 
    from
        Orders o1_0 
    left join
        Coupons c1_0 
            on c1_0.CouponID=o1_0.CouponID 
    left join
        Customers c2_0 
            on c2_0.CustomerID=o1_0.CustomerID 
    left join
        Accounts a1_0 
            on a1_0.AccountID=c2_0.AccountID 
    left join
        Staffs s1_0 
            on s1_0.StaffID=o1_0.StaffID 
    left join
        Accounts a2_0 
            on a2_0.AccountID=s1_0.AccountID 
    where
        o1_0.OrderID=?
Hibernate: 
    select
        p1_0.ProductID,
        c1_0.CategoryID,
        c1_0.CategoryCode,
        c1_0.CategoryName,
        c1_0.Description,
        p1_0.Description,
        p1_0.MainImage,
        p1_0.Price,
        p1_0.ProductCode,
        p1_0.ProductName,
        p1_0.StockQuantity,
        i1_0.ProductID,
        i1_0.ImageID,
        i1_0.ImageURL 
    from
        Products p1_0 
    left join
        Categories c1_0 
            on c1_0.CategoryID=p1_0.CategoryID 
    left join
        ProductImages i1_0 
            on p1_0.ProductID=i1_0.ProductID 
    where
        p1_0.ProductID=?
Hibernate: 
    select
        o1_0.OrderID,
        c1_0.CouponID,
        c1_0.Active,
        c1_0.Code,
        c1_0.DiscountPercent,
        c1_0.EndDate,
        c1_0.MaxDiscountAmount,
        c1_0.MinOrderAmount,
        c1_0.StartDate,
        c1_0.UsageLimit,
        c2_0.CustomerID,
        a1_0.AccountID,
        a1_0.Active,
        a1_0.CreatedAt,
        a1_0.Password,
        a1_0.Role,
        a1_0.Username,
        c2_0.Address,
        c2_0.Email,
        c2_0.FullName,
        c2_0.Phone,
        o1_0.DiscountAmount,
        o1_0.Note,
        o1_0.OrderCode,
        o1_0.OrderDate,
        o1_0.ReceiverName,
        o1_0.ReceiverPhone,
        o1_0.ShippingAddress,
        s1_0.StaffID,
        a2_0.AccountID,
        a2_0.Active,
        a2_0.CreatedAt,
        a2_0.Password,
        a2_0.Role,
        a2_0.Username,
        s1_0.Email,
        s1_0.FullName,
        s1_0.Phone,
        s1_0.Position,
        o1_0.Status,
        o1_0.SubTotal,
        o1_0.TotalAmount 
    from
        Orders o1_0 
    left join
        Coupons c1_0 
            on c1_0.CouponID=o1_0.CouponID 
    left join
        Customers c2_0 
            on c2_0.CustomerID=o1_0.CustomerID 
    left join
        Accounts a1_0 
            on a1_0.AccountID=c2_0.AccountID 
    left join
        Staffs s1_0 
            on s1_0.StaffID=o1_0.StaffID 
    left join
        Accounts a2_0 
            on a2_0.AccountID=s1_0.AccountID 
    where
        o1_0.OrderID=?
Hibernate: 
    select
        o1_0.OrderID,
        c1_0.CouponID,
        c1_0.Active,
        c1_0.Code,
        c1_0.DiscountPercent,
        c1_0.EndDate,
        c1_0.MaxDiscountAmount,
        c1_0.MinOrderAmount,
        c1_0.StartDate,
        c1_0.UsageLimit,
        c2_0.CustomerID,
        a1_0.AccountID,
        a1_0.Active,
        a1_0.CreatedAt,
        a1_0.Password,
        a1_0.Role,
        a1_0.Username,
        c2_0.Address,
        c2_0.Email,
        c2_0.FullName,
        c2_0.Phone,
        o1_0.DiscountAmount,
        o1_0.Note,
        o1_0.OrderCode,
        o1_0.OrderDate,
        o1_0.ReceiverName,
        o1_0.ReceiverPhone,
        o1_0.ShippingAddress,
        s1_0.StaffID,
        a2_0.AccountID,
        a2_0.Active,
        a2_0.CreatedAt,
        a2_0.Password,
        a2_0.Role,
        a2_0.Username,
        s1_0.Email,
        s1_0.FullName,
        s1_0.Phone,
        s1_0.Position,
        o1_0.Status,
        o1_0.SubTotal,
        o1_0.TotalAmount 
    from
        Orders o1_0 
    left join
        Coupons c1_0 
            on c1_0.CouponID=o1_0.CouponID 
    left join
        Customers c2_0 
            on c2_0.CustomerID=o1_0.CustomerID 
    left join
        Accounts a1_0 
            on a1_0.AccountID=c2_0.AccountID 
    left join
        Staffs s1_0 
            on s1_0.StaffID=o1_0.StaffID 
    left join
        Accounts a2_0 
            on a2_0.AccountID=s1_0.AccountID 
    where
        o1_0.OrderID=?
Hibernate: 
    select
        o1_0.OrderID,
        c1_0.CouponID,
        c1_0.Active,
        c1_0.Code,
        c1_0.DiscountPercent,
        c1_0.EndDate,
        c1_0.MaxDiscountAmount,
        c1_0.MinOrderAmount,
        c1_0.StartDate,
        c1_0.UsageLimit,
        c2_0.CustomerID,
        a1_0.AccountID,
        a1_0.Active,
        a1_0.CreatedAt,
        a1_0.Password,
        a1_0.Role,
        a1_0.Username,
        c2_0.Address,
        c2_0.Email,
        c2_0.FullName,
        c2_0.Phone,
        o1_0.DiscountAmount,
        o1_0.Note,
        o1_0.OrderCode,
        o1_0.OrderDate,
        o1_0.ReceiverName,
        o1_0.ReceiverPhone,
        o1_0.ShippingAddress,
        s1_0.StaffID,
        a2_0.AccountID,
        a2_0.Active,
        a2_0.CreatedAt,
        a2_0.Password,
        a2_0.Role,
        a2_0.Username,
        s1_0.Email,
        s1_0.FullName,
        s1_0.Phone,
        s1_0.Position,
        o1_0.Status,
        o1_0.SubTotal,
        o1_0.TotalAmount 
    from
        Orders o1_0 
    left join
        Coupons c1_0 
            on c1_0.CouponID=o1_0.CouponID 
    left join
        Customers c2_0 
            on c2_0.CustomerID=o1_0.CustomerID 
    left join
        Accounts a1_0 
            on a1_0.AccountID=c2_0.AccountID 
    left join
        Staffs s1_0 
            on s1_0.StaffID=o1_0.StaffID 
    left join
        Accounts a2_0 
            on a2_0.AccountID=s1_0.AccountID 
    where
        o1_0.OrderID=?
Hibernate: 
    select
        o1_0.OrderID,
        c1_0.CouponID,
        c1_0.Active,
        c1_0.Code,
        c1_0.DiscountPercent,
        c1_0.EndDate,
        c1_0.MaxDiscountAmount,
        c1_0.MinOrderAmount,
        c1_0.StartDate,
        c1_0.UsageLimit,
        c2_0.CustomerID,
        a1_0.AccountID,
        a1_0.Active,
        a1_0.CreatedAt,
        a1_0.Password,
        a1_0.Role,
        a1_0.Username,
        c2_0.Address,
        c2_0.Email,
        c2_0.FullName,
        c2_0.Phone,
        o1_0.DiscountAmount,
        o1_0.Note,
        o1_0.OrderCode,
        o1_0.OrderDate,
        o1_0.ReceiverName,
        o1_0.ReceiverPhone,
        o1_0.ShippingAddress,
        s1_0.StaffID,
        a2_0.AccountID,
        a2_0.Active,
        a2_0.CreatedAt,
        a2_0.Password,
        a2_0.Role,
        a2_0.Username,
        s1_0.Email,
        s1_0.FullName,
        s1_0.Phone,
        s1_0.Position,
        o1_0.Status,
        o1_0.SubTotal,
        o1_0.TotalAmount 
    from
        Orders o1_0 
    left join
        Coupons c1_0 
            on c1_0.CouponID=o1_0.CouponID 
    left join
        Customers c2_0 
            on c2_0.CustomerID=o1_0.CustomerID 
    left join
        Accounts a1_0 
            on a1_0.AccountID=c2_0.AccountID 
    left join
        Staffs s1_0 
            on s1_0.StaffID=o1_0.StaffID 
    left join
        Accounts a2_0 
            on a2_0.AccountID=s1_0.AccountID 
    where
        o1_0.OrderID=?
Hibernate: 
    select
        o1_0.OrderID,
        c1_0.CouponID,
        c1_0.Active,
        c1_0.Code,
        c1_0.DiscountPercent,
        c1_0.EndDate,
        c1_0.MaxDiscountAmount,
        c1_0.MinOrderAmount,
        c1_0.StartDate,
        c1_0.UsageLimit,
        c2_0.CustomerID,
        a1_0.AccountID,
        a1_0.Active,
        a1_0.CreatedAt,
        a1_0.Password,
        a1_0.Role,
        a1_0.Username,
        c2_0.Address,
        c2_0.Email,
        c2_0.FullName,
        c2_0.Phone,
        o1_0.DiscountAmount,
        o1_0.Note,
        o1_0.OrderCode,
        o1_0.OrderDate,
        o1_0.ReceiverName,
        o1_0.ReceiverPhone,
        o1_0.ShippingAddress,
        s1_0.StaffID,
        a2_0.AccountID,
        a2_0.Active,
        a2_0.CreatedAt,
        a2_0.Password,
        a2_0.Role,
        a2_0.Username,
        s1_0.Email,
        s1_0.FullName,
        s1_0.Phone,
        s1_0.Position,
        o1_0.Status,
        o1_0.SubTotal,
        o1_0.TotalAmount 
    from
        Orders o1_0 
    left join
        Coupons c1_0 
            on c1_0.CouponID=o1_0.CouponID 
    left join
        Customers c2_0 
            on c2_0.CustomerID=o1_0.CustomerID 
    left join
        Accounts a1_0 
            on a1_0.AccountID=c2_0.AccountID 
    left join
        Staffs s1_0 
            on s1_0.StaffID=o1_0.StaffID 
    left join
        Accounts a2_0 
            on a2_0.AccountID=s1_0.AccountID 
    where
        o1_0.OrderID=?
Hibernate: 
    select
        p1_0.ProductID,
        c1_0.CategoryID,
        c1_0.CategoryCode,
        c1_0.CategoryName,
        c1_0.Description,
        p1_0.Description,
        p1_0.MainImage,
        p1_0.Price,
        p1_0.ProductCode,
        p1_0.ProductName,
        p1_0.StockQuantity,
        i1_0.ProductID,
        i1_0.ImageID,
        i1_0.ImageURL 
    from
        Products p1_0 
    left join
        Categories c1_0 
            on c1_0.CategoryID=p1_0.CategoryID 
    left join
        ProductImages i1_0 
            on p1_0.ProductID=i1_0.ProductID 
    where
        p1_0.ProductID=?
Hibernate: 
    select
        o1_0.OrderID,
        c1_0.CouponID,
        c1_0.Active,
        c1_0.Code,
        c1_0.DiscountPercent,
        c1_0.EndDate,
        c1_0.MaxDiscountAmount,
        c1_0.MinOrderAmount,
        c1_0.StartDate,
        c1_0.UsageLimit,
        c2_0.CustomerID,
        a1_0.AccountID,
        a1_0.Active,
        a1_0.CreatedAt,
        a1_0.Password,
        a1_0.Role,
        a1_0.Username,
        c2_0.Address,
        c2_0.Email,
        c2_0.FullName,
        c2_0.Phone,
        o1_0.DiscountAmount,
        o1_0.Note,
        o1_0.OrderCode,
        o1_0.OrderDate,
        o1_0.ReceiverName,
        o1_0.ReceiverPhone,
        o1_0.ShippingAddress,
        s1_0.StaffID,
        a2_0.AccountID,
        a2_0.Active,
        a2_0.CreatedAt,
        a2_0.Password,
        a2_0.Role,
        a2_0.Username,
        s1_0.Email,
        s1_0.FullName,
        s1_0.Phone,
        s1_0.Position,
        o1_0.Status,
        o1_0.SubTotal,
        o1_0.TotalAmount 
    from
        Orders o1_0 
    left join
        Coupons c1_0 
            on c1_0.CouponID=o1_0.CouponID 
    left join
        Customers c2_0 
            on c2_0.CustomerID=o1_0.CustomerID 
    left join
        Accounts a1_0 
            on a1_0.AccountID=c2_0.AccountID 
    left join
        Staffs s1_0 
            on s1_0.StaffID=o1_0.StaffID 
    left join
        Accounts a2_0 
            on a2_0.AccountID=s1_0.AccountID 
    where
        o1_0.OrderID=?
Hibernate: 
    select
        o1_0.OrderID,
        c1_0.CouponID,
        c1_0.Active,
        c1_0.Code,
        c1_0.DiscountPercent,
        c1_0.EndDate,
        c1_0.MaxDiscountAmount,
        c1_0.MinOrderAmount,
        c1_0.StartDate,
        c1_0.UsageLimit,
        c2_0.CustomerID,
        a1_0.AccountID,
        a1_0.Active,
        a1_0.CreatedAt,
        a1_0.Password,
        a1_0.Role,
        a1_0.Username,
        c2_0.Address,
        c2_0.Email,
        c2_0.FullName,
        c2_0.Phone,
        o1_0.DiscountAmount,
        o1_0.Note,
        o1_0.OrderCode,
        o1_0.OrderDate,
        o1_0.ReceiverName,
        o1_0.ReceiverPhone,
        o1_0.ShippingAddress,
        s1_0.StaffID,
        a2_0.AccountID,
        a2_0.Active,
        a2_0.CreatedAt,
        a2_0.Password,
        a2_0.Role,
        a2_0.Username,
        s1_0.Email,
        s1_0.FullName,
        s1_0.Phone,
        s1_0.Position,
        o1_0.Status,
        o1_0.SubTotal,
        o1_0.TotalAmount 
    from
        Orders o1_0 
    left join
        Coupons c1_0 
            on c1_0.CouponID=o1_0.CouponID 
    left join
        Customers c2_0 
            on c2_0.CustomerID=o1_0.CustomerID 
    left join
        Accounts a1_0 
            on a1_0.AccountID=c2_0.AccountID 
    left join
        Staffs s1_0 
            on s1_0.StaffID=o1_0.StaffID 
    left join
        Accounts a2_0 
            on a2_0.AccountID=s1_0.AccountID 
    where
        o1_0.OrderID=?
Hibernate: 
    select
        p1_0.ProductID,
        c1_0.CategoryID,
        c1_0.CategoryCode,
        c1_0.CategoryName,
        c1_0.Description,
        p1_0.Description,
        p1_0.MainImage,
        p1_0.Price,
        p1_0.ProductCode,
        p1_0.ProductName,
        p1_0.StockQuantity,
        i1_0.ProductID,
        i1_0.ImageID,
        i1_0.ImageURL 
    from
        Products p1_0 
    left join
        Categories c1_0 
            on c1_0.CategoryID=p1_0.CategoryID 
    left join
        ProductImages i1_0 
            on p1_0.ProductID=i1_0.ProductID 
    where
        p1_0.ProductID=?
Hibernate: 
    select
        o1_0.OrderID,
        c1_0.CouponID,
        c1_0.Active,
        c1_0.Code,
        c1_0.DiscountPercent,
        c1_0.EndDate,
        c1_0.MaxDiscountAmount,
        c1_0.MinOrderAmount,
        c1_0.StartDate,
        c1_0.UsageLimit,
        c2_0.CustomerID,
        a1_0.AccountID,
        a1_0.Active,
        a1_0.CreatedAt,
        a1_0.Password,
        a1_0.Role,
        a1_0.Username,
        c2_0.Address,
        c2_0.Email,
        c2_0.FullName,
        c2_0.Phone,
        o1_0.DiscountAmount,
        o1_0.Note,
        o1_0.OrderCode,
        o1_0.OrderDate,
        o1_0.ReceiverName,
        o1_0.ReceiverPhone,
        o1_0.ShippingAddress,
        s1_0.StaffID,
        a2_0.AccountID,
        a2_0.Active,
        a2_0.CreatedAt,
        a2_0.Password,
        a2_0.Role,
        a2_0.Username,
        s1_0.Email,
        s1_0.FullName,
        s1_0.Phone,
        s1_0.Position,
        o1_0.Status,
        o1_0.SubTotal,
        o1_0.TotalAmount 
    from
        Orders o1_0 
    left join
        Coupons c1_0 
            on c1_0.CouponID=o1_0.CouponID 
    left join
        Customers c2_0 
            on c2_0.CustomerID=o1_0.CustomerID 
    left join
        Accounts a1_0 
            on a1_0.AccountID=c2_0.AccountID 
    left join
        Staffs s1_0 
            on s1_0.StaffID=o1_0.StaffID 
    left join
        Accounts a2_0 
            on a2_0.AccountID=s1_0.AccountID 
    where
        o1_0.OrderID=?
Hibernate: 
    select
        o1_0.OrderID,
        c1_0.CouponID,
        c1_0.Active,
        c1_0.Code,
        c1_0.DiscountPercent,
        c1_0.EndDate,
        c1_0.MaxDiscountAmount,
        c1_0.MinOrderAmount,
        c1_0.StartDate,
        c1_0.UsageLimit,
        c2_0.CustomerID,
        a1_0.AccountID,
        a1_0.Active,
        a1_0.CreatedAt,
        a1_0.Password,
        a1_0.Role,
        a1_0.Username,
        c2_0.Address,
        c2_0.Email,
        c2_0.FullName,
        c2_0.Phone,
        o1_0.DiscountAmount,
        o1_0.Note,
        o1_0.OrderCode,
        o1_0.OrderDate,
        o1_0.ReceiverName,
        o1_0.ReceiverPhone,
        o1_0.ShippingAddress,
        s1_0.StaffID,
        a2_0.AccountID,
        a2_0.Active,
        a2_0.CreatedAt,
        a2_0.Password,
        a2_0.Role,
        a2_0.Username,
        s1_0.Email,
        s1_0.FullName,
        s1_0.Phone,
        s1_0.Position,
        o1_0.Status,
        o1_0.SubTotal,
        o1_0.TotalAmount 
    from
        Orders o1_0 
    left join
        Coupons c1_0 
            on c1_0.CouponID=o1_0.CouponID 
    left join
        Customers c2_0 
            on c2_0.CustomerID=o1_0.CustomerID 
    left join
        Accounts a1_0 
            on a1_0.AccountID=c2_0.AccountID 
    left join
        Staffs s1_0 
            on s1_0.StaffID=o1_0.StaffID 
    left join
        Accounts a2_0 
            on a2_0.AccountID=s1_0.AccountID 
    where
        o1_0.OrderID=?
Hibernate: 
    select
        s1_0.StaffID,
        a1_0.AccountID,
        a1_0.Active,
        a1_0.CreatedAt,
        c1_0.CustomerID,
        c1_0.Address,
        c1_0.Email,
        c1_0.FullName,
        c1_0.Phone,
        a1_0.Password,
        a1_0.Role,
        a1_0.Username,
        s1_0.Email,
        s1_0.FullName,
        s1_0.Phone,
        s1_0.Position 
    from
        Staffs s1_0 
    left join
        Accounts a1_0 
            on a1_0.AccountID=s1_0.AccountID 
    left join
        Customers c1_0 
            on a1_0.AccountID=c1_0.AccountID 
    where
        s1_0.AccountID=?
Hibernate: 
    select
        o1_0.OrderID,
        c1_0.CouponID,
        c1_0.Active,
        c1_0.Code,
        c1_0.DiscountPercent,
        c1_0.EndDate,
        c1_0.MaxDiscountAmount,
        c1_0.MinOrderAmount,
        c1_0.StartDate,
        c1_0.UsageLimit,
        c2_0.CustomerID,
        a1_0.AccountID,
        a1_0.Active,
        a1_0.CreatedAt,
        a1_0.Password,
        a1_0.Role,
        a1_0.Username,
        c2_0.Address,
        c2_0.Email,
        c2_0.FullName,
        c2_0.Phone,
        o1_0.DiscountAmount,
        o1_0.Note,
        o1_0.OrderCode,
        o1_0.OrderDate,
        o1_0.ReceiverName,
        o1_0.ReceiverPhone,
        o1_0.ShippingAddress,
        s1_0.StaffID,
        a2_0.AccountID,
        a2_0.Active,
        a2_0.CreatedAt,
        a2_0.Password,
        a2_0.Role,
        a2_0.Username,
        s1_0.Email,
        s1_0.FullName,
        s1_0.Phone,
        s1_0.Position,
        o1_0.Status,
        o1_0.SubTotal,
        o1_0.TotalAmount 
    from
        Orders o1_0 
    left join
        Coupons c1_0 
            on c1_0.CouponID=o1_0.CouponID 
    left join
        Customers c2_0 
            on c2_0.CustomerID=o1_0.CustomerID 
    left join
        Accounts a1_0 
            on a1_0.AccountID=c2_0.AccountID 
    left join
        Staffs s1_0 
            on s1_0.StaffID=o1_0.StaffID 
    left join
        Accounts a2_0 
            on a2_0.AccountID=s1_0.AccountID 
    where
        o1_0.OrderID=?
]]></system-out>
  </testcase>
  <testcase name="testFindById_Success" classname="dao.OrderDetailDAOTest" time="0.004">
    <system-out><![CDATA[Hibernate: 
    select
        od1_0.OrderDetailID,
        o1_0.OrderID,
        c1_0.CouponID,
        c1_0.Active,
        c1_0.Code,
        c1_0.DiscountPercent,
        c1_0.EndDate,
        c1_0.MaxDiscountAmount,
        c1_0.MinOrderAmount,
        c1_0.StartDate,
        c1_0.UsageLimit,
        c2_0.CustomerID,
        c2_0.AccountID,
        c2_0.Address,
        c2_0.Email,
        c2_0.FullName,
        c2_0.Phone,
        o1_0.DiscountAmount,
        o1_0.Note,
        o1_0.OrderCode,
        o1_0.OrderDate,
        o1_0.ReceiverName,
        o1_0.ReceiverPhone,
        o1_0.ShippingAddress,
        s1_0.StaffID,
        s1_0.AccountID,
        s1_0.Email,
        s1_0.FullName,
        s1_0.Phone,
        s1_0.Position,
        o1_0.Status,
        o1_0.SubTotal,
        o1_0.TotalAmount,
        p1_0.ProductID,
        c3_0.CategoryID,
        c3_0.CategoryCode,
        c3_0.CategoryName,
        c3_0.Description,
        p1_0.Description,
        p1_0.MainImage,
        p1_0.Price,
        p1_0.ProductCode,
        p1_0.ProductName,
        p1_0.StockQuantity,
        i1_0.ProductID,
        i1_0.ImageID,
        i1_0.ImageURL,
        od1_0.Quantity,
        od1_0.UnitPrice 
    from
        OrderDetails od1_0 
    left join
        Orders o1_0 
            on o1_0.OrderID=od1_0.OrderID 
    left join
        Coupons c1_0 
            on c1_0.CouponID=o1_0.CouponID 
    left join
        Customers c2_0 
            on c2_0.CustomerID=o1_0.CustomerID 
    left join
        Staffs s1_0 
            on s1_0.StaffID=o1_0.StaffID 
    left join
        Products p1_0 
            on p1_0.ProductID=od1_0.ProductID 
    left join
        Categories c3_0 
            on c3_0.CategoryID=p1_0.CategoryID 
    left join
        ProductImages i1_0 
            on p1_0.ProductID=i1_0.ProductID 
    where
        od1_0.OrderDetailID=?
Hibernate: 
    select
        a1_0.AccountID,
        a1_0.Active,
        a1_0.CreatedAt,
        c1_0.CustomerID,
        c1_0.Address,
        c1_0.Email,
        c1_0.FullName,
        c1_0.Phone,
        a1_0.Password,
        a1_0.Role,
        s1_0.StaffID,
        s1_0.Email,
        s1_0.FullName,
        s1_0.Phone,
        s1_0.Position,
        a1_0.Username 
    from
        Accounts a1_0 
    left join
        Customers c1_0 
            on a1_0.AccountID=c1_0.AccountID 
    left join
        Staffs s1_0 
            on a1_0.AccountID=s1_0.AccountID 
    where
        a1_0.AccountID=?
]]></system-out>
  </testcase>
  <testcase name="testFindById_NotFound" classname="dao.OrderDetailDAOTest" time="0.007">
    <system-out><![CDATA[Hibernate: 
    select
        od1_0.OrderDetailID,
        o1_0.OrderID,
        c1_0.CouponID,
        c1_0.Active,
        c1_0.Code,
        c1_0.DiscountPercent,
        c1_0.EndDate,
        c1_0.MaxDiscountAmount,
        c1_0.MinOrderAmount,
        c1_0.StartDate,
        c1_0.UsageLimit,
        c2_0.CustomerID,
        c2_0.AccountID,
        c2_0.Address,
        c2_0.Email,
        c2_0.FullName,
        c2_0.Phone,
        o1_0.DiscountAmount,
        o1_0.Note,
        o1_0.OrderCode,
        o1_0.OrderDate,
        o1_0.ReceiverName,
        o1_0.ReceiverPhone,
        o1_0.ShippingAddress,
        s1_0.StaffID,
        s1_0.AccountID,
        s1_0.Email,
        s1_0.FullName,
        s1_0.Phone,
        s1_0.Position,
        o1_0.Status,
        o1_0.SubTotal,
        o1_0.TotalAmount,
        p1_0.ProductID,
        c3_0.CategoryID,
        c3_0.CategoryCode,
        c3_0.CategoryName,
        c3_0.Description,
        p1_0.Description,
        p1_0.MainImage,
        p1_0.Price,
        p1_0.ProductCode,
        p1_0.ProductName,
        p1_0.StockQuantity,
        i1_0.ProductID,
        i1_0.ImageID,
        i1_0.ImageURL,
        od1_0.Quantity,
        od1_0.UnitPrice 
    from
        OrderDetails od1_0 
    left join
        Orders o1_0 
            on o1_0.OrderID=od1_0.OrderID 
    left join
        Coupons c1_0 
            on c1_0.CouponID=o1_0.CouponID 
    left join
        Customers c2_0 
            on c2_0.CustomerID=o1_0.CustomerID 
    left join
        Staffs s1_0 
            on s1_0.StaffID=o1_0.StaffID 
    left join
        Products p1_0 
            on p1_0.ProductID=od1_0.ProductID 
    left join
        Categories c3_0 
            on c3_0.CategoryID=p1_0.CategoryID 
    left join
        ProductImages i1_0 
            on p1_0.ProductID=i1_0.ProductID 
    where
        od1_0.OrderDetailID=?
]]></system-out>
  </testcase>
  <testcase name="testFindByOrderId" classname="dao.OrderDetailDAOTest" time="0.003">
    <system-out><![CDATA[Hibernate: 
    select
        od1_0.OrderDetailID,
        od1_0.OrderID,
        od1_0.ProductID,
        od1_0.Quantity,
        od1_0.UnitPrice 
    from
        OrderDetails od1_0 
    where
        od1_0.OrderID=?
Hibernate: 
    select
        o1_0.OrderID,
        c1_0.CouponID,
        c1_0.Active,
        c1_0.Code,
        c1_0.DiscountPercent,
        c1_0.EndDate,
        c1_0.MaxDiscountAmount,
        c1_0.MinOrderAmount,
        c1_0.StartDate,
        c1_0.UsageLimit,
        c2_0.CustomerID,
        a1_0.AccountID,
        a1_0.Active,
        a1_0.CreatedAt,
        a1_0.Password,
        a1_0.Role,
        a1_0.Username,
        c2_0.Address,
        c2_0.Email,
        c2_0.FullName,
        c2_0.Phone,
        o1_0.DiscountAmount,
        o1_0.Note,
        o1_0.OrderCode,
        o1_0.OrderDate,
        o1_0.ReceiverName,
        o1_0.ReceiverPhone,
        o1_0.ShippingAddress,
        s1_0.StaffID,
        a2_0.AccountID,
        a2_0.Active,
        a2_0.CreatedAt,
        a2_0.Password,
        a2_0.Role,
        a2_0.Username,
        s1_0.Email,
        s1_0.FullName,
        s1_0.Phone,
        s1_0.Position,
        o1_0.Status,
        o1_0.SubTotal,
        o1_0.TotalAmount 
    from
        Orders o1_0 
    left join
        Coupons c1_0 
            on c1_0.CouponID=o1_0.CouponID 
    left join
        Customers c2_0 
            on c2_0.CustomerID=o1_0.CustomerID 
    left join
        Accounts a1_0 
            on a1_0.AccountID=c2_0.AccountID 
    left join
        Staffs s1_0 
            on s1_0.StaffID=o1_0.StaffID 
    left join
        Accounts a2_0 
            on a2_0.AccountID=s1_0.AccountID 
    where
        o1_0.OrderID=?
Hibernate: 
    select
        s1_0.StaffID,
        a1_0.AccountID,
        a1_0.Active,
        a1_0.CreatedAt,
        c1_0.CustomerID,
        c1_0.Address,
        c1_0.Email,
        c1_0.FullName,
        c1_0.Phone,
        a1_0.Password,
        a1_0.Role,
        a1_0.Username,
        s1_0.Email,
        s1_0.FullName,
        s1_0.Phone,
        s1_0.Position 
    from
        Staffs s1_0 
    left join
        Accounts a1_0 
            on a1_0.AccountID=s1_0.AccountID 
    left join
        Customers c1_0 
            on a1_0.AccountID=c1_0.AccountID 
    where
        s1_0.AccountID=?
Hibernate: 
    select
        p1_0.ProductID,
        c1_0.CategoryID,
        c1_0.CategoryCode,
        c1_0.CategoryName,
        c1_0.Description,
        p1_0.Description,
        p1_0.MainImage,
        p1_0.Price,
        p1_0.ProductCode,
        p1_0.ProductName,
        p1_0.StockQuantity,
        i1_0.ProductID,
        i1_0.ImageID,
        i1_0.ImageURL 
    from
        Products p1_0 
    left join
        Categories c1_0 
            on c1_0.CategoryID=p1_0.CategoryID 
    left join
        ProductImages i1_0 
            on p1_0.ProductID=i1_0.ProductID 
    where
        p1_0.ProductID=?
]]></system-out>
  </testcase>
</testsuite>